<?xml version="1.0" encoding="UTF-8"?>
<!-- Generated by org.testng.reporters.JUnitReportReporter -->
<testsuite hostname="Desktop-rjn" failures="0" tests="1" name="com.bottomline.com.amazontests.Amazontest" time="93.604" errors="0" timestamp="25 Jun 2022 14:24:49 GMT">
  <testcase classname="com.bottomline.com.amazontests.Amazontest" name="HapptPathTest" time="93.604"/>
</testsuite> <!-- com.bottomline.com.amazontests.Amazontest -->
